#
# There is insufficient memory for the Java Runtime Environment to continue.
# Native memory allocation (malloc) failed to allocate 32744 bytes for ChunkPool::allocate
# Possible reasons:
#   The system is out of physical RAM or swap space
#   In 32 bit mode, the process size limit was hit
# Possible solutions:
#   Reduce memory load on the system
#   Increase physical memory or swap space
#   Check if swap backing store is full
#   Use 64 bit Java on a 64 bit OS
#   Decrease Java heap size (-Xmx/-Xms)
#   Decrease number of Java threads
#   Decrease Java thread stack sizes (-Xss)
#   Set larger code cache with -XX:ReservedCodeCacheSize=
# This output file may be truncated or incomplete.
#
#  Out of Memory Error (allocation.cpp:273), pid=8348, tid=0x000000000000242c
#
# JRE version: Java(TM) SE Runtime Environment (8.0_181-b13) (build 1.8.0_181-b13)
# Java VM: Java HotSpot(TM) 64-Bit Server VM (25.181-b13 mixed mode windows-amd64 compressed oops)
# Failed to write core dump. Minidumps are not enabled by default on client versions of Windows
#

---------------  T H R E A D  ---------------

Current thread (0x0000000015ccc800):  JavaThread "C1 CompilerThread1" daemon [_thread_in_native, id=9260, stack(0x0000000016e00000,0x0000000016f00000)]

Stack: [0x0000000016e00000,0x0000000016f00000]
[error occurred during error reporting (printing stack bounds), id 0xc0000005]

Native frames: (J=compiled Java code, j=interpreted, Vv=VM code, C=native code)


Current CompileTask:
C1: 105347 8727   !   3       com.sun.org.apache.xerces.internal.impl.XMLDocumentFragmentScannerImpl$FragmentContentDriver::next (2346 bytes)


---------------  P R O C E S S  ---------------

Java Threads: ( => current thread )
  0x000000001a3be800 JavaThread "pool-7-thread-6" daemon [_thread_blocked, id=1808, stack(0x000000001eef0000,0x000000001eff0000)]
  0x000000001a3b8800 JavaThread "pool-7-thread-5" daemon [_thread_in_native, id=5308, stack(0x000000001edf0000,0x000000001eef0000)]
  0x000000001a3bd800 JavaThread "pool-7-thread-4" daemon [_thread_blocked, id=3492, stack(0x000000001ecf0000,0x000000001edf0000)]
  0x000000001a3bb800 JavaThread "pool-7-thread-3" daemon [_thread_blocked, id=10764, stack(0x000000001ebf0000,0x000000001ecf0000)]
  0x000000001a3ba800 JavaThread "pool-7-thread-2" daemon [_thread_blocked, id=9712, stack(0x000000001eaf0000,0x000000001ebf0000)]
  0x000000001a3bd000 JavaThread "pool-7-thread-1" daemon [_thread_blocked, id=10968, stack(0x000000001e9f0000,0x000000001eaf0000)]
  0x000000001a3bc000 JavaThread "progress-bar" daemon [_thread_blocked, id=9032, stack(0x000000001e8f0000,0x000000001e9f0000)]
  0x0000000019bb6000 JavaThread "pool-6-thread-4" [_thread_blocked, id=6952, stack(0x000000001e7f0000,0x000000001e8f0000)]
  0x0000000019bb5000 JavaThread "pool-6-thread-3" [_thread_blocked, id=900, stack(0x000000001e6f0000,0x000000001e7f0000)]
  0x0000000019bb9000 JavaThread "pool-6-thread-2" [_thread_blocked, id=4116, stack(0x000000001e5f0000,0x000000001e6f0000)]
  0x0000000019bba800 JavaThread "pool-6-thread-1" [_thread_blocked, id=13024, stack(0x000000001e4f0000,0x000000001e5f0000)]
  0x0000000015cd2000 JavaThread "Service Thread" daemon [_thread_blocked, id=13292, stack(0x0000000016f00000,0x0000000017000000)]
=>0x0000000015ccc800 JavaThread "C1 CompilerThread1" daemon [_thread_in_native, id=9260, stack(0x0000000016e00000,0x0000000016f00000)]
  0x0000000015cc9800 JavaThread "C2 CompilerThread0" daemon [_thread_blocked, id=9740, stack(0x0000000016d00000,0x0000000016e00000)]
  0x0000000015cc7800 JavaThread "Attach Listener" daemon [_thread_blocked, id=13564, stack(0x0000000016c00000,0x0000000016d00000)]
  0x000000000259e000 JavaThread "Signal Dispatcher" daemon [_thread_blocked, id=10468, stack(0x0000000016b00000,0x0000000016c00000)]
  0x0000000015cb8800 JavaThread "Finalizer" daemon [_thread_blocked, id=10016, stack(0x0000000016910000,0x0000000016a10000)]
  0x000000000258f000 JavaThread "Reference Handler" daemon [_thread_blocked, id=12092, stack(0x0000000016810000,0x0000000016910000)]
  0x000000000239d800 JavaThread "main" [_thread_blocked, id=8300, stack(0x0000000002210000,0x0000000002310000)]

Other Threads:
  0x0000000015c96800 VMThread [stack: 0x0000000016710000,0x0000000016810000] [id=6244]
  0x0000000015d43000 WatcherThread [stack: 0x0000000017000000,0x0000000017100000] [id=3324]

VM state:not at safepoint (normal execution)

VM Mutex/Monitor currently owned by a thread: None

Heap:
 PSYoungGen      total 162304K, used 7094K [0x00000000e0000000, 0x00000000eb800000, 0x0000000100000000)
  eden space 139264K, 4% used [0x00000000e0000000,0x00000000e0573d80,0x00000000e8800000)
  from space 23040K, 6% used [0x00000000e8800000,0x00000000e8979c00,0x00000000e9e80000)
  to   space 16896K, 0% used [0x00000000e9e80000,0x00000000e9e80000,0x00000000eaf00000)
 ParOldGen       total 93184K, used 92790K [0x00000000a0000000, 0x00000000a5b00000, 0x00000000e0000000)
  object space 93184K, 99% used [0x00000000a0000000,0x00000000a5a9daf8,0x00000000a5b00000)
 Metaspace       used 64865K, capacity 65566K, committed 65752K, reserved 1103872K
  class space    used 12743K, capacity 13010K, committed 13016K, reserved 1048576K

Card table byte_map: [0x0000000011960000,0x0000000011c70000] byte_map_base: 0x0000000011460000

Marking Bits: (ParMarkBitMap*) 0x000000005c832d00
 Begin Bits: [0x0000000012070000, 0x0000000013870000)
 End Bits:   [0x0000000013870000, 0x0000000015070000)

Polling page: 0x0000000000580000

CodeCache: size=245760Kb used=20454Kb max_used=23068Kb free=225305Kb
 bounds [0x00000000025a0000, 0x0000000003c60000, 0x00000000115a0000]
 total_blobs=7700 nmethods=7202 adapters=406
 compilation: enabled

Compilation events (10 events):
Event: 105.205 Thread 0x0000000015ccc800 nmethod 8722 0x00000000027dfd90 code [0x00000000027dfee0, 0x00000000027e0030]
Event: 105.205 Thread 0x0000000015ccc800 8723       1       scala.xml.parsing.FactoryAdapter::curTag (5 bytes)
Event: 105.206 Thread 0x0000000015ccc800 nmethod 8723 0x00000000027dfad0 code [0x00000000027dfc20, 0x00000000027dfd30]
Event: 105.206 Thread 0x0000000015ccc800 8724       3       com.sun.org.apache.xerces.internal.impl.XMLEntityScanner::skipChar (285 bytes)
Event: 105.207 Thread 0x0000000015ccc800 nmethod 8724 0x00000000027dee10 code [0x00000000027defe0, 0x00000000027df708]
Event: 105.208 Thread 0x0000000015ccc800 8725       3       com.sun.org.apache.xerces.internal.impl.XMLEntityScanner::peekChar (63 bytes)
Event: 105.209 Thread 0x0000000015ccc800 nmethod 8725 0x0000000003594350 code [0x00000000035944c0, 0x0000000003594808]
Event: 105.210 Thread 0x0000000015ccc800 8726       3       com.sun.org.apache.xerces.internal.impl.XMLDocumentScannerImpl::next (10 bytes)
Event: 105.210 Thread 0x0000000015ccc800 nmethod 8726 0x0000000003593f10 code [0x0000000003594080, 0x00000000035942a8]
Event: 105.210 Thread 0x0000000015ccc800 8727   !   3       com.sun.org.apache.xerces.internal.impl.XMLDocumentFragmentScannerImpl$FragmentContentDriver::next (2346 bytes)

GC Heap History (10 events):
Event: 66.679 GC heap before
{Heap before GC invocations=16 (full 4):
 PSYoungGen      total 130560K, used 118652K [0x00000000e0000000, 0x00000000eaf00000, 0x0000000100000000)
  eden space 113152K, 100% used [0x00000000e0000000,0x00000000e6e80000,0x00000000e6e80000)
  from space 17408K, 31% used [0x00000000e6e80000,0x00000000e73df3d8,0x00000000e7f80000)
  to   space 16896K, 0% used [0x00000000e9e80000,0x00000000e9e80000,0x00000000eaf00000)
 ParOldGen       total 93184K, used 27349K [0x00000000a0000000, 0x00000000a5b00000, 0x00000000e0000000)
  object space 93184K, 29% used [0x00000000a0000000,0x00000000a1ab5640,0x00000000a5b00000)
 Metaspace       used 50109K, capacity 50636K, committed 50904K, reserved 1091584K
  class space    used 9453K, capacity 9668K, committed 9688K, reserved 1048576K
Event: 66.793 GC heap after
Heap after GC invocations=16 (full 4):
 PSYoungGen      total 156160K, used 16869K [0x00000000e0000000, 0x00000000eb800000, 0x0000000100000000)
  eden space 139264K, 0% used [0x00000000e0000000,0x00000000e0000000,0x00000000e8800000)
  from space 16896K, 99% used [0x00000000e9e80000,0x00000000eaef9508,0x00000000eaf00000)
  to   space 23040K, 0% used [0x00000000e8800000,0x00000000e8800000,0x00000000e9e80000)
 ParOldGen       total 93184K, used 37286K [0x00000000a0000000, 0x00000000a5b00000, 0x00000000e0000000)
  object space 93184K, 40% used [0x00000000a0000000,0x00000000a2469840,0x00000000a5b00000)
 Metaspace       used 50109K, capacity 50636K, committed 50904K, reserved 1091584K
  class space    used 9453K, capacity 9668K, committed 9688K, reserved 1048576K
}
Event: 89.945 GC heap before
{Heap before GC invocations=17 (full 4):
 PSYoungGen      total 156160K, used 156133K [0x00000000e0000000, 0x00000000eb800000, 0x0000000100000000)
  eden space 139264K, 100% used [0x00000000e0000000,0x00000000e8800000,0x00000000e8800000)
  from space 16896K, 99% used [0x00000000e9e80000,0x00000000eaef9508,0x00000000eaf00000)
  to   space 23040K, 0% used [0x00000000e8800000,0x00000000e8800000,0x00000000e9e80000)
 ParOldGen       total 93184K, used 37286K [0x00000000a0000000, 0x00000000a5b00000, 0x00000000e0000000)
  object space 93184K, 40% used [0x00000000a0000000,0x00000000a2469840,0x00000000a5b00000)
 Metaspace       used 58251K, capacity 58904K, committed 59096K, reserved 1097728K
  class space    used 11217K, capacity 11468K, committed 11480K, reserved 1048576K
Event: 90.194 GC heap after
Heap after GC invocations=17 (full 4):
 PSYoungGen      total 162304K, used 23026K [0x00000000e0000000, 0x00000000eb800000, 0x0000000100000000)
  eden space 139264K, 0% used [0x00000000e0000000,0x00000000e0000000,0x00000000e8800000)
  from space 23040K, 99% used [0x00000000e8800000,0x00000000e9e7ca30,0x00000000e9e80000)
  to   space 16896K, 0% used [0x00000000e9e80000,0x00000000e9e80000,0x00000000eaf00000)
 ParOldGen       total 93184K, used 80306K [0x00000000a0000000, 0x00000000a5b00000, 0x00000000e0000000)
  object space 93184K, 86% used [0x00000000a0000000,0x00000000a4e6c858,0x00000000a5b00000)
 Metaspace       used 58251K, capacity 58904K, committed 59096K, reserved 1097728K
  class space    used 11217K, capacity 11468K, committed 11480K, reserved 1048576K
}
Event: 90.194 GC heap before
{Heap before GC invocations=18 (full 5):
 PSYoungGen      total 162304K, used 23026K [0x00000000e0000000, 0x00000000eb800000, 0x0000000100000000)
  eden space 139264K, 0% used [0x00000000e0000000,0x00000000e0000000,0x00000000e8800000)
  from space 23040K, 99% used [0x00000000e8800000,0x00000000e9e7ca30,0x00000000e9e80000)
  to   space 16896K, 0% used [0x00000000e9e80000,0x00000000e9e80000,0x00000000eaf00000)
 ParOldGen       total 93184K, used 80306K [0x00000000a0000000, 0x00000000a5b00000, 0x00000000e0000000)
  object space 93184K, 86% used [0x00000000a0000000,0x00000000a4e6c858,0x00000000a5b00000)
 Metaspace       used 58251K, capacity 58904K, committed 59096K, reserved 1097728K
  class space    used 11217K, capacity 11468K, committed 11480K, reserved 1048576K
Event: 91.707 GC heap after
Heap after GC invocations=18 (full 5):
 PSYoungGen      total 162304K, used 5095K [0x00000000e0000000, 0x00000000eb800000, 0x0000000100000000)
  eden space 139264K, 0% used [0x00000000e0000000,0x00000000e0000000,0x00000000e8800000)
  from space 23040K, 22% used [0x00000000e8800000,0x00000000e8cf9c68,0x00000000e9e80000)
  to   space 16896K, 0% used [0x00000000e9e80000,0x00000000e9e80000,0x00000000eaf00000)
 ParOldGen       total 93184K, used 93068K [0x00000000a0000000, 0x00000000a5b00000, 0x00000000e0000000)
  object space 93184K, 99% used [0x00000000a0000000,0x00000000a5ae3128,0x00000000a5b00000)
 Metaspace       used 58231K, capacity 58880K, committed 59096K, reserved 1097728K
  class space    used 11212K, capacity 11460K, committed 11480K, reserved 1048576K
}
Event: 96.405 GC heap before
{Heap before GC invocations=19 (full 6):
 PSYoungGen      total 162304K, used 144359K [0x00000000e0000000, 0x00000000eb800000, 0x0000000100000000)
  eden space 139264K, 100% used [0x00000000e0000000,0x00000000e8800000,0x00000000e8800000)
  from space 23040K, 22% used [0x00000000e8800000,0x00000000e8cf9c68,0x00000000e9e80000)
  to   space 16896K, 0% used [0x00000000e9e80000,0x00000000e9e80000,0x00000000eaf00000)
 ParOldGen       total 93184K, used 93068K [0x00000000a0000000, 0x00000000a5b00000, 0x00000000e0000000)
  object space 93184K, 99% used [0x00000000a0000000,0x00000000a5ae3128,0x00000000a5b00000)
 Metaspace       used 61801K, capacity 62494K, committed 62552K, reserved 1099776K
  class space    used 12128K, capacity 12370K, committed 12376K, reserved 1048576K
Event: 100.974 GC heap after
Heap after GC invocations=19 (full 6):
 PSYoungGen      total 162304K, used 2023K [0x00000000e0000000, 0x00000000eb800000, 0x0000000100000000)
  eden space 139264K, 0% used [0x00000000e0000000,0x00000000e0000000,0x00000000e8800000)
  from space 23040K, 8% used [0x00000000e8800000,0x00000000e89f9c08,0x00000000e9e80000)
  to   space 16896K, 0% used [0x00000000e9e80000,0x00000000e9e80000,0x00000000eaf00000)
 ParOldGen       total 93184K, used 93078K [0x00000000a0000000, 0x00000000a5b00000, 0x00000000e0000000)
  object space 93184K, 99% used [0x00000000a0000000,0x00000000a5ae5b80,0x00000000a5b00000)
 Metaspace       used 61801K, capacity 62494K, committed 62552K, reserved 1099776K
  class space    used 12128K, capacity 12370K, committed 12376K, reserved 1048576K
}
Event: 103.373 GC heap before
{Heap before GC invocations=20 (full 7):
 PSYoungGen      total 162304K, used 26829K [0x00000000e0000000, 0x00000000eb800000, 0x0000000100000000)
  eden space 139264K, 17% used [0x00000000e0000000,0x00000000e1839960,0x00000000e8800000)
  from space 23040K, 8% used [0x00000000e8800000,0x00000000e89f9c08,0x00000000e9e80000)
  to   space 16896K, 0% used [0x00000000e9e80000,0x00000000e9e80000,0x00000000eaf00000)
 ParOldGen       total 93184K, used 93078K [0x00000000a0000000, 0x00000000a5b00000, 0x00000000e0000000)
  object space 93184K, 99% used [0x00000000a0000000,0x00000000a5ae5b80,0x00000000a5b00000)
 Metaspace       used 64109K, capacity 64766K, committed 64856K, reserved 1105920K
  class space    used 12596K, capacity 12850K, committed 12888K, reserved 1048576K
Event: 105.080 GC heap after
Heap after GC invocations=20 (full 7):
 PSYoungGen      total 162304K, used 1511K [0x00000000e0000000, 0x00000000eb800000, 0x0000000100000000)
  eden space 139264K, 0% used [0x00000000e0000000,0x00000000e0000000,0x00000000e8800000)
  from space 23040K, 6% used [0x00000000e8800000,0x00000000e8979c00,0x00000000e9e80000)
  to   space 16896K, 0% used [0x00000000e9e80000,0x00000000e9e80000,0x00000000eaf00000)
 ParOldGen       total 93184K, used 92790K [0x00000000a0000000, 0x00000000a5b00000, 0x00000000e0000000)
  object space 93184K, 99% used [0x00000000a0000000,0x00000000a5a9daf8,0x00000000a5b00000)
 Metaspace       used 64109K, capacity 64766K, committed 64856K, reserved 1103872K
  class space    used 12596K, capacity 12850K, committed 12888K, reserved 1048576K
}

Deoptimization events (10 events):
Event: 102.868 Thread 0x0000000019bb5000 Uncommon trap: reason=unstable_if action=reinterpret pc=0x0000000002e8661c method=java.io.WinNTFileSystem.normalize(Ljava/lang/String;II)Ljava/lang/String; @ 103
Event: 103.194 Thread 0x000000001a3bb800 Uncommon trap: reason=class_check action=maybe_recompile pc=0x00000000032c9da4 method=java.util.concurrent.ThreadPoolExecutor.getTask()Ljava/lang/Runnable; @ 154
Event: 103.196 Thread 0x000000001a3bb800 Uncommon trap: reason=class_check action=maybe_recompile pc=0x00000000032c9da4 method=java.util.concurrent.ThreadPoolExecutor.getTask()Ljava/lang/Runnable; @ 154
Event: 103.216 Thread 0x000000001a3bd000 Uncommon trap: reason=class_check action=maybe_recompile pc=0x00000000032c9da4 method=java.util.concurrent.ThreadPoolExecutor.getTask()Ljava/lang/Runnable; @ 154
Event: 103.230 Thread 0x000000001a3bd000 Uncommon trap: reason=unstable_if action=reinterpret pc=0x0000000003137b10 method=java.util.regex.Pattern$Curly.match0(Ljava/util/regex/Matcher;IILjava/lang/CharSequence;)Z @ 5
Event: 103.251 Thread 0x000000001a3bd800 Uncommon trap: reason=class_check action=maybe_recompile pc=0x00000000032c9da4 method=java.util.concurrent.ThreadPoolExecutor.getTask()Ljava/lang/Runnable; @ 154
Event: 105.151 Thread 0x000000001a3be800 Uncommon trap: reason=class_check action=maybe_recompile pc=0x00000000030d742c method=scala.collection.Iterator$$anon$17.hasNext()Z @ 11
Event: 105.151 Thread 0x000000001a3be800 Uncommon trap: reason=class_check action=maybe_recompile pc=0x00000000030d742c method=scala.collection.Iterator$$anon$17.hasNext()Z @ 11
Event: 105.155 Thread 0x000000001a3be800 Uncommon trap: reason=class_check action=maybe_recompile pc=0x00000000030d742c method=scala.collection.Iterator$$anon$17.hasNext()Z @ 11
Event: 105.155 Thread 0x000000001a3be800 Uncommon trap: reason=class_check action=maybe_recompile pc=0x00000000030d742c method=scala.collection.Iterator$$anon$17.hasNext()Z @ 11

Classes redefined (0 events):
No events

Internal exceptions (10 events):
Event: 28.889 Thread 0x0000000019bbb000 Exception <a 'java/lang/NoSuchMethodError': <clinit>> (0x00000000e1295b78) thrown at [C:\re\workspace\8-2-build-windows-amd64-cygwin\jdk8u181\11358\hotspot\src\share\vm\prims\jni.cpp, line 1613]
Event: 28.893 Thread 0x0000000019bbb000 Exception <a 'java/lang/NoSuchMethodError': <clinit>> (0x00000000e12a92a0) thrown at [C:\re\workspace\8-2-build-windows-amd64-cygwin\jdk8u181\11358\hotspot\src\share\vm\prims\jni.cpp, line 1613]
Event: 28.898 Thread 0x0000000019bbb000 Exception <a 'java/lang/NoSuchMethodError': <clinit>> (0x00000000e12bdbf0) thrown at [C:\re\workspace\8-2-build-windows-amd64-cygwin\jdk8u181\11358\hotspot\src\share\vm\prims\jni.cpp, line 1613]
Event: 28.903 Thread 0x0000000019bbb000 Exception <a 'java/lang/NoSuchMethodError': <clinit>> (0x00000000e12c9518) thrown at [C:\re\workspace\8-2-build-windows-amd64-cygwin\jdk8u181\11358\hotspot\src\share\vm\prims\jni.cpp, line 1613]
Event: 35.888 Thread 0x000000000239d800 Exception <a 'java/lang/ArrayIndexOutOfBoundsException': 22> (0x00000000e545b290) thrown at [C:\re\workspace\8-2-build-windows-amd64-cygwin\jdk8u181\11358\hotspot\src\share\vm\interpreter\interpreterRuntime.cpp, line 366]
Event: 35.997 Thread 0x000000000239d800 Exception <a 'java/lang/ArrayIndexOutOfBoundsException': 91> (0x00000000e5550880) thrown at [C:\re\workspace\8-2-build-windows-amd64-cygwin\jdk8u181\11358\hotspot\src\share\vm\interpreter\interpreterRuntime.cpp, line 366]
Event: 64.796 Thread 0x000000000239d800 Exception <a 'java/io/FileNotFoundException'> (0x00000000e2dce5f0) thrown at [C:\re\workspace\8-2-build-windows-amd64-cygwin\jdk8u181\11358\hotspot\src\share\vm\prims\jni.cpp, line 709]
Event: 73.683 Thread 0x000000000239d800 Implicit null exception at 0x000000000356f383 to 0x000000000356f705
Event: 93.121 Thread 0x000000000239d800 Implicit null exception at 0x0000000002b08e86 to 0x0000000002b09dcd
Event: 93.122 Thread 0x000000000239d800 Implicit null exception at 0x00000000031e3fc0 to 0x00000000031e5a3d

Events (10 events):
Event: 105.151 Thread 0x000000001a3be800 DEOPT UNPACKING pc=0x00000000025e583b sp=0x000000001efee030 mode 2
Event: 105.151 Thread 0x000000001a3be800 Uncommon trap: trap_request=0xffffffde fr.pc=0x00000000030d742c
Event: 105.152 Thread 0x000000001a3be800 DEOPT PACKING pc=0x00000000030d742c sp=0x000000001efee070
Event: 105.152 Thread 0x000000001a3be800 DEOPT UNPACKING pc=0x00000000025e583b sp=0x000000001efee030 mode 2
Event: 105.155 Thread 0x000000001a3be800 Uncommon trap: trap_request=0xffffffde fr.pc=0x00000000030d742c
Event: 105.155 Thread 0x000000001a3be800 DEOPT PACKING pc=0x00000000030d742c sp=0x000000001efee070
Event: 105.155 Thread 0x000000001a3be800 DEOPT UNPACKING pc=0x00000000025e583b sp=0x000000001efee030 mode 2
Event: 105.155 Thread 0x000000001a3be800 Uncommon trap: trap_request=0xffffffde fr.pc=0x00000000030d742c
Event: 105.155 Thread 0x000000001a3be800 DEOPT PACKING pc=0x00000000030d742c sp=0x000000001efee070
Event: 105.155 Thread 0x000000001a3be800 DEOPT UNPACKING pc=0x00000000025e583b sp=0x000000001efee030 mode 2


Dynamic libraries:
0x00007ff6383c0000 - 0x00007ff6383f7000 	C:\Program Files\Java\jre1.8.0_181\bin\java.exe
0x00007ff98c9a0000 - 0x00007ff98cb81000 	C:\WINDOWS\SYSTEM32\ntdll.dll
0x00007ff98b7d0000 - 0x00007ff98b882000 	C:\WINDOWS\System32\KERNEL32.DLL
0x00007ff988d70000 - 0x00007ff988fe3000 	C:\WINDOWS\System32\KERNELBASE.dll
0x00007ff98b650000 - 0x00007ff98b6f1000 	C:\WINDOWS\System32\ADVAPI32.dll
0x00007ff98c8d0000 - 0x00007ff98c96e000 	C:\WINDOWS\System32\msvcrt.dll
0x00007ff98b890000 - 0x00007ff98b8eb000 	C:\WINDOWS\System32\sechost.dll
0x00007ff98be70000 - 0x00007ff98bf94000 	C:\WINDOWS\System32\RPCRT4.dll
0x00007ff98c3d0000 - 0x00007ff98c560000 	C:\WINDOWS\System32\USER32.dll
0x00007ff989ce0000 - 0x00007ff989d00000 	C:\WINDOWS\System32\win32u.dll
0x00007ff98c570000 - 0x00007ff98c598000 	C:\WINDOWS\System32\GDI32.dll
0x00007ff989ae0000 - 0x00007ff989c72000 	C:\WINDOWS\System32\gdi32full.dll
0x00007ff989940000 - 0x00007ff9899df000 	C:\WINDOWS\System32\msvcp_win.dll
0x00007ff9899e0000 - 0x00007ff989ada000 	C:\WINDOWS\System32\ucrtbase.dll
0x00007ff9779e0000 - 0x00007ff977c49000 	C:\WINDOWS\WinSxS\amd64_microsoft.windows.common-controls_6595b64144ccf1df_6.0.17134.228_none_fb4599993062b194\COMCTL32.dll
0x00007ff989e30000 - 0x00007ff98a153000 	C:\WINDOWS\System32\combase.dll
0x00007ff989d00000 - 0x00007ff989d7a000 	C:\WINDOWS\System32\bcryptPrimitives.dll
0x00007ff98a1e0000 - 0x00007ff98a20d000 	C:\WINDOWS\System32\IMM32.DLL
0x000000005d420000 - 0x000000005d4f2000 	C:\Program Files\Java\jre1.8.0_181\bin\msvcr100.dll
0x000000005c010000 - 0x000000005c8b2000 	C:\Program Files\Java\jre1.8.0_181\bin\server\jvm.dll
0x00007ff98c5a0000 - 0x00007ff98c5a8000 	C:\WINDOWS\System32\PSAPI.DLL
0x00007ff980a40000 - 0x00007ff980a49000 	C:\WINDOWS\SYSTEM32\WSOCK32.dll
0x00007ff98b700000 - 0x00007ff98b76c000 	C:\WINDOWS\System32\WS2_32.dll
0x00007ff980230000 - 0x00007ff980253000 	C:\WINDOWS\SYSTEM32\WINMM.dll
0x00007ff9810f0000 - 0x00007ff9810fa000 	C:\WINDOWS\SYSTEM32\VERSION.dll
0x00007ff980200000 - 0x00007ff98022a000 	C:\WINDOWS\SYSTEM32\WINMMBASE.dll
0x00007ff9898f0000 - 0x00007ff989939000 	C:\WINDOWS\System32\cfgmgr32.dll
0x000000005e380000 - 0x000000005e38f000 	C:\Program Files\Java\jre1.8.0_181\bin\verify.dll
0x000000005e0c0000 - 0x000000005e0e9000 	C:\Program Files\Java\jre1.8.0_181\bin\java.dll
0x000000005e360000 - 0x000000005e376000 	C:\Program Files\Java\jre1.8.0_181\bin\zip.dll
0x00007ff98a210000 - 0x00007ff98b650000 	C:\WINDOWS\System32\SHELL32.dll
0x00007ff98c800000 - 0x00007ff98c8a9000 	C:\WINDOWS\System32\shcore.dll
0x00007ff988ff0000 - 0x00007ff9896fd000 	C:\WINDOWS\System32\windows.storage.dll
0x00007ff98b8f0000 - 0x00007ff98b941000 	C:\WINDOWS\System32\shlwapi.dll
0x00007ff988d00000 - 0x00007ff988d11000 	C:\WINDOWS\System32\kernel.appcore.dll
0x00007ff988ce0000 - 0x00007ff988cff000 	C:\WINDOWS\System32\profapi.dll
0x00007ff988d20000 - 0x00007ff988d6c000 	C:\WINDOWS\System32\powrprof.dll
0x00007ff988cb0000 - 0x00007ff988cba000 	C:\WINDOWS\System32\FLTLIB.DLL
0x000000005e0a0000 - 0x000000005e0ba000 	C:\Program Files\Java\jre1.8.0_181\bin\net.dll
0x00007ff9884d0000 - 0x00007ff988536000 	C:\WINDOWS\system32\mswsock.dll
0x000000005e080000 - 0x000000005e091000 	C:\Program Files\Java\jre1.8.0_181\bin\nio.dll
0x00007ff988680000 - 0x00007ff988697000 	C:\WINDOWS\SYSTEM32\CRYPTSP.dll
0x00007ff9880b0000 - 0x00007ff9880e3000 	C:\WINDOWS\system32\rsaenh.dll
0x00007ff9887b0000 - 0x00007ff9887d5000 	C:\WINDOWS\SYSTEM32\bcrypt.dll
0x00007ff988bb0000 - 0x00007ff988bd8000 	C:\WINDOWS\SYSTEM32\USERENV.dll
0x00007ff9886a0000 - 0x00007ff9886ab000 	C:\WINDOWS\SYSTEM32\CRYPTBASE.dll
0x00007ff988250000 - 0x00007ff988288000 	C:\WINDOWS\SYSTEM32\IPHLPAPI.DLL
0x00007ff98c040000 - 0x00007ff98c048000 	C:\WINDOWS\System32\NSI.dll
0x00007ff9831b0000 - 0x00007ff9831c6000 	C:\WINDOWS\SYSTEM32\dhcpcsvc6.DLL
0x00007ff983190000 - 0x00007ff9831aa000 	C:\WINDOWS\SYSTEM32\dhcpcsvc.DLL
0x00007ff985a40000 - 0x00007ff985a4a000 	C:\Users\skin\AppData\Local\Temp\jansi-64-1-3772065286581322495.11

VM Arguments:
jvm_args: -Djline.terminal=jline.UnsupportedTerminal -Dsbt.log.noformat=true -Dfile.encoding=UTF-8 -Xmx1536M -Didea.managed=true -Dfile.encoding=UTF-8 
java_command: C:/Users/skin/.IdeaIC2018.2/config/plugins/Scala/launcher/sbt-launch.jar
java_class_path (initial): C:/Users/skin/.IdeaIC2018.2/config/plugins/Scala/launcher/sbt-launch.jar
Launcher Type: SUN_STANDARD

Environment Variables:
JAVA_HOME=C:\Program Files\Java\jdk1.8.0_181
PATH=C:\Program Files (x86)\Common Files\Oracle\Java\javapath;C:\Program Files (x86)\Intel\TXE Components\TCS\;C:\Program Files\Intel\TXE Components\TCS\;C:\WINDOWS\system32;C:\WINDOWS;C:\WINDOWS\System32\Wbem;C:\WINDOWS\System32\WindowsPowerShell\v1.0\;C:\Program Files\PuTTY\;C:\Program Files (x86)\Skype\Phone\;C:\WINDOWS\System32\OpenSSH\;C:\Program Files (x86)\sbt\bin;C:\Users\skin\Anaconda3;C:\Users\skin\Anaconda3\Scripts;C:\Users\skin\Anaconda3\Library\bin;C:\Users\skin\AppData\Local\Microsoft\WindowsApps;C:\Program Files\Java\jdk1.8.0_181\bin;C:\Program Files\Java\jre1.8.0_181\bin;
USERNAME=muimui
OS=Windows_NT
PROCESSOR_IDENTIFIER=Intel64 Family 6 Model 55 Stepping 8, GenuineIntel



---------------  S Y S T E M  ---------------

OS: Windows 10.0 , 64 bit Build 17134 (10.0.17134.1)

CPU:total 2 (initial active 2) (2 cores per cpu, 1 threads per core) family 6 model 55 stepping 8, cmov, cx8, fxsr, mmx, sse, sse2, sse3, ssse3, sse4.1, sse4.2, popcnt, clmul, erms, 3dnowpref, tsc, tscinvbit

Memory: 4k page, physical 8269012k(4186048k free), swap 9433300k(776k free)

vm_info: Java HotSpot(TM) 64-Bit Server VM (25.181-b13) for windows-amd64 JRE (1.8.0_181-b13), built on Jul  7 2018 04:01:33 by "java_re" with MS VC++ 10.0 (VS2010)

time: Thu Aug 16 18:34:53 2018
elapsed time: 105 seconds (0d 0h 1m 45s)

