#
# There is insufficient memory for the Java Runtime Environment to continue.
# Native memory allocation (malloc) failed to allocate 1102576 bytes for Chunk::new
# Possible reasons:
#   The system is out of physical RAM or swap space
#   In 32 bit mode, the process size limit was hit
# Possible solutions:
#   Reduce memory load on the system
#   Increase physical memory or swap space
#   Check if swap backing store is full
#   Use 64 bit Java on a 64 bit OS
#   Decrease Java heap size (-Xmx/-Xms)
#   Decrease number of Java threads
#   Decrease Java thread stack sizes (-Xss)
#   Set larger code cache with -XX:ReservedCodeCacheSize=
# This output file may be truncated or incomplete.
#
#  Out of Memory Error (allocation.cpp:390), pid=12372, tid=0x00000000000036f0
#
# JRE version: Java(TM) SE Runtime Environment (8.0_181-b13) (build 1.8.0_181-b13)
# Java VM: Java HotSpot(TM) 64-Bit Server VM (25.181-b13 mixed mode windows-amd64 compressed oops)
# Failed to write core dump. Minidumps are not enabled by default on client versions of Windows
#

---------------  T H R E A D  ---------------

Current thread (0x000000000c9fc800):  JavaThread "C2 CompilerThread0" daemon [_thread_in_native, id=14064, stack(0x000000000da20000,0x000000000db20000)]

Stack: [0x000000000da20000,0x000000000db20000]
[error occurred during error reporting (printing stack bounds), id 0xc0000005]

Native frames: (J=compiled Java code, j=interpreted, Vv=VM code, C=native code)


Current CompileTask:
C2:6056079 23155       4       scala.reflect.internal.transform.Erasure$ErasureMap::apply (1040 bytes)


---------------  P R O C E S S  ---------------

Java Threads: ( => current thread )
  0x000000000f4e6000 JavaThread "pool-13-thread-4" [_thread_blocked, id=8996, stack(0x000000001a2f0000,0x000000001a3f0000)]
  0x000000000f4ec000 JavaThread "pool-13-thread-3" [_thread_blocked, id=3160, stack(0x000000001a1f0000,0x000000001a2f0000)]
  0x000000000f4e9000 JavaThread "pool-13-thread-2" [_thread_blocked, id=1764, stack(0x000000001a0f0000,0x000000001a1f0000)]
  0x000000000f4e8000 JavaThread "pool-13-thread-1" [_thread_in_native, id=2872, stack(0x0000000019ff0000,0x000000001a0f0000)]
  0x000000000ca68000 JavaThread "Service Thread" daemon [_thread_blocked, id=13780, stack(0x000000000dc20000,0x000000000dd20000)]
  0x000000000ca04000 JavaThread "C1 CompilerThread1" daemon [_thread_blocked, id=12928, stack(0x000000000db20000,0x000000000dc20000)]
=>0x000000000c9fc800 JavaThread "C2 CompilerThread0" daemon [_thread_in_native, id=14064, stack(0x000000000da20000,0x000000000db20000)]
  0x000000000c9fb000 JavaThread "Attach Listener" daemon [_thread_blocked, id=8832, stack(0x000000000d920000,0x000000000da20000)]
  0x000000000c9f7800 JavaThread "Signal Dispatcher" daemon [_thread_blocked, id=7672, stack(0x000000000d820000,0x000000000d920000)]
  0x0000000002a89800 JavaThread "Finalizer" daemon [_thread_blocked, id=8640, stack(0x000000000d630000,0x000000000d730000)]
  0x0000000002a7f800 JavaThread "Reference Handler" daemon [_thread_blocked, id=5324, stack(0x000000000d530000,0x000000000d630000)]
  0x0000000002993000 JavaThread "main" [_thread_blocked, id=1156, stack(0x0000000002890000,0x0000000002990000)]

Other Threads:
  0x000000000c9c6800 VMThread [stack: 0x000000000d430000,0x000000000d530000] [id=13644]
  0x000000000ca6a000 WatcherThread [stack: 0x000000000dd20000,0x000000000de20000] [id=10088]

VM state:not at safepoint (normal execution)

VM Mutex/Monitor currently owned by a thread: None

Heap:
 PSYoungGen      total 112128K, used 81389K [0x00000000f5580000, 0x00000000ff500000, 0x0000000100000000)
  eden space 71168K, 95% used [0x00000000f5580000,0x00000000f97f3448,0x00000000f9b00000)
  from space 40960K, 32% used [0x00000000fcd00000,0x00000000fda08060,0x00000000ff500000)
  to   space 46080K, 0% used [0x00000000f9b00000,0x00000000f9b00000,0x00000000fc800000)
 ParOldGen       total 190976K, used 37212K [0x00000000e0000000, 0x00000000eba80000, 0x00000000f5580000)
  object space 190976K, 19% used [0x00000000e0000000,0x00000000e24572e8,0x00000000eba80000)
 Metaspace       used 112716K, capacity 113542K, committed 114136K, reserved 1142784K
  class space    used 20217K, capacity 20503K, committed 20736K, reserved 1048576K

Card table byte_map: [0x000000000ac90000,0x000000000ada0000] byte_map_base: 0x000000000a590000

Marking Bits: (ParMarkBitMap*) 0x000000005d0e2d00
 Begin Bits: [0x000000000afa0000, 0x000000000b7a0000)
 End Bits:   [0x000000000b7a0000, 0x000000000bfa0000)

Polling page: 0x0000000000bc0000

CodeCache: size=131072Kb used=68068Kb max_used=68068Kb free=63003Kb
 bounds [0x0000000002a90000, 0x0000000006d60000, 0x000000000aa90000]
 total_blobs=19244 nmethods=18719 adapters=430
 compilation: enabled

Compilation events (10 events):
Event: 6053.487 Thread 0x000000000ca04000 23258       2       scala.tools.asm.MethodWriter::visitFieldInsn (256 bytes)
Event: 6053.488 Thread 0x000000000ca04000 nmethod 23258 0x0000000006d54850 code [0x0000000006d549e0, 0x0000000006d54e18]
Event: 6053.490 Thread 0x000000000ca04000 23259       2       scala.tools.asm.ClassWriter::addType (103 bytes)
Event: 6053.490 Thread 0x000000000ca04000 nmethod 23259 0x0000000006d55190 code [0x0000000006d55320, 0x0000000006d557e8]
Event: 6053.491 Thread 0x000000000ca04000 23260       1       scala.tools.nsc.backend.icode.TypeKinds$REFERENCE::isReferenceType (2 bytes)
Event: 6053.492 Thread 0x000000000ca04000 nmethod 23260 0x0000000006d55a10 code [0x0000000006d55b60, 0x0000000006d55c70]
Event: 6053.492 Thread 0x000000000ca04000 23261       2       scala.tools.nsc.backend.jvm.GenASM$JBuilder::descriptor (9 bytes)
Event: 6053.493 Thread 0x000000000ca04000 nmethod 23261 0x0000000006d55cd0 code [0x0000000006d55e60, 0x0000000006d56188]
Event: 6053.495 Thread 0x000000000ca04000 23262       2       java.util.regex.Pattern::range (279 bytes)
Event: 6053.499 Thread 0x000000000ca04000 nmethod 23262 0x0000000006d56390 code [0x0000000006d56660, 0x0000000006d57528]

GC Heap History (10 events):
Event: 1311.088 GC heap before
{Heap before GC invocations=44 (full 6):
 PSYoungGen      total 120832K, used 11821K [0x00000000f5580000, 0x0000000100000000, 0x0000000100000000)
  eden space 67072K, 3% used [0x00000000f5580000,0x00000000f57a53c8,0x00000000f9700000)
  from space 53760K, 17% used [0x00000000f9700000,0x00000000fa066128,0x00000000fcb80000)
  to   space 51712K, 0% used [0x00000000fcd80000,0x00000000fcd80000,0x0000000100000000)
 ParOldGen       total 190976K, used 97079K [0x00000000e0000000, 0x00000000eba80000, 0x00000000f5580000)
  object space 190976K, 50% used [0x00000000e0000000,0x00000000e5ecdcf8,0x00000000eba80000)
 Metaspace       used 112630K, capacity 113602K, committed 113880K, reserved 1142784K
  class space    used 20314K, capacity 20613K, committed 20736K, reserved 1048576K
Event: 1311.117 GC heap after
Heap after GC invocations=44 (full 6):
 PSYoungGen      total 122880K, used 5535K [0x00000000f5580000, 0x00000000ffe80000, 0x0000000100000000)
  eden space 72704K, 0% used [0x00000000f5580000,0x00000000f5580000,0x00000000f9c80000)
  from space 50176K, 11% used [0x00000000fcd80000,0x00000000fd2e7ff0,0x00000000ffe80000)
  to   space 50176K, 0% used [0x00000000f9c80000,0x00000000f9c80000,0x00000000fcd80000)
 ParOldGen       total 190976K, used 97079K [0x00000000e0000000, 0x00000000eba80000, 0x00000000f5580000)
  object space 190976K, 50% used [0x00000000e0000000,0x00000000e5ecdcf8,0x00000000eba80000)
 Metaspace       used 112630K, capacity 113602K, committed 113880K, reserved 1142784K
  class space    used 20314K, capacity 20613K, committed 20736K, reserved 1048576K
}
Event: 1311.117 GC heap before
{Heap before GC invocations=45 (full 7):
 PSYoungGen      total 122880K, used 5535K [0x00000000f5580000, 0x00000000ffe80000, 0x0000000100000000)
  eden space 72704K, 0% used [0x00000000f5580000,0x00000000f5580000,0x00000000f9c80000)
  from space 50176K, 11% used [0x00000000fcd80000,0x00000000fd2e7ff0,0x00000000ffe80000)
  to   space 50176K, 0% used [0x00000000f9c80000,0x00000000f9c80000,0x00000000fcd80000)
 ParOldGen       total 190976K, used 97079K [0x00000000e0000000, 0x00000000eba80000, 0x00000000f5580000)
  object space 190976K, 50% used [0x00000000e0000000,0x00000000e5ecdcf8,0x00000000eba80000)
 Metaspace       used 112630K, capacity 113602K, committed 113880K, reserved 1142784K
  class space    used 20314K, capacity 20613K, committed 20736K, reserved 1048576K
Event: 1311.973 GC heap after
Heap after GC invocations=45 (full 7):
 PSYoungGen      total 122880K, used 0K [0x00000000f5580000, 0x00000000ffe80000, 0x0000000100000000)
  eden space 72704K, 0% used [0x00000000f5580000,0x00000000f5580000,0x00000000f9c80000)
  from space 50176K, 0% used [0x00000000fcd80000,0x00000000fcd80000,0x00000000ffe80000)
  to   space 50176K, 0% used [0x00000000f9c80000,0x00000000f9c80000,0x00000000fcd80000)
 ParOldGen       total 190976K, used 37368K [0x00000000e0000000, 0x00000000eba80000, 0x00000000f5580000)
  object space 190976K, 19% used [0x00000000e0000000,0x00000000e247e368,0x00000000eba80000)
 Metaspace       used 111984K, capacity 112870K, committed 113880K, reserved 1142784K
  class space    used 20205K, capacity 20471K, committed 20736K, reserved 1048576K
}
Event: 1311.978 GC heap before
{Heap before GC invocations=46 (full 7):
 PSYoungGen      total 122880K, used 344K [0x00000000f5580000, 0x00000000ffe80000, 0x0000000100000000)
  eden space 72704K, 0% used [0x00000000f5580000,0x00000000f55d6318,0x00000000f9c80000)
  from space 50176K, 0% used [0x00000000fcd80000,0x00000000fcd80000,0x00000000ffe80000)
  to   space 50176K, 0% used [0x00000000f9c80000,0x00000000f9c80000,0x00000000fcd80000)
 ParOldGen       total 190976K, used 37368K [0x00000000e0000000, 0x00000000eba80000, 0x00000000f5580000)
  object space 190976K, 19% used [0x00000000e0000000,0x00000000e247e368,0x00000000eba80000)
 Metaspace       used 111984K, capacity 112870K, committed 113880K, reserved 1142784K
  class space    used 20205K, capacity 20471K, committed 20736K, reserved 1048576K
Event: 1311.982 GC heap after
Heap after GC invocations=46 (full 7):
 PSYoungGen      total 73216K, used 0K [0x00000000f5580000, 0x00000000ffd80000, 0x0000000100000000)
  eden space 72704K, 0% used [0x00000000f5580000,0x00000000f5580000,0x00000000f9c80000)
  from space 512K, 0% used [0x00000000f9c80000,0x00000000f9c80000,0x00000000f9d00000)
  to   space 49664K, 0% used [0x00000000fcd00000,0x00000000fcd00000,0x00000000ffd80000)
 ParOldGen       total 190976K, used 37368K [0x00000000e0000000, 0x00000000eba80000, 0x00000000f5580000)
  object space 190976K, 19% used [0x00000000e0000000,0x00000000e247e368,0x00000000eba80000)
 Metaspace       used 111984K, capacity 112870K, committed 113880K, reserved 1142784K
  class space    used 20205K, capacity 20471K, committed 20736K, reserved 1048576K
}
Event: 1311.982 GC heap before
{Heap before GC invocations=47 (full 8):
 PSYoungGen      total 73216K, used 0K [0x00000000f5580000, 0x00000000ffd80000, 0x0000000100000000)
  eden space 72704K, 0% used [0x00000000f5580000,0x00000000f5580000,0x00000000f9c80000)
  from space 512K, 0% used [0x00000000f9c80000,0x00000000f9c80000,0x00000000f9d00000)
  to   space 49664K, 0% used [0x00000000fcd00000,0x00000000fcd00000,0x00000000ffd80000)
 ParOldGen       total 190976K, used 37368K [0x00000000e0000000, 0x00000000eba80000, 0x00000000f5580000)
  object space 190976K, 19% used [0x00000000e0000000,0x00000000e247e368,0x00000000eba80000)
 Metaspace       used 111984K, capacity 112870K, committed 113880K, reserved 1142784K
  class space    used 20205K, capacity 20471K, committed 20736K, reserved 1048576K
Event: 1312.426 GC heap after
Heap after GC invocations=47 (full 8):
 PSYoungGen      total 73216K, used 0K [0x00000000f5580000, 0x00000000ffd80000, 0x0000000100000000)
  eden space 72704K, 0% used [0x00000000f5580000,0x00000000f5580000,0x00000000f9c80000)
  from space 512K, 0% used [0x00000000f9c80000,0x00000000f9c80000,0x00000000f9d00000)
  to   space 49664K, 0% used [0x00000000fcd00000,0x00000000fcd00000,0x00000000ffd80000)
 ParOldGen       total 190976K, used 37204K [0x00000000e0000000, 0x00000000eba80000, 0x00000000f5580000)
  object space 190976K, 19% used [0x00000000e0000000,0x00000000e24552e8,0x00000000eba80000)
 Metaspace       used 111984K, capacity 112870K, committed 113880K, reserved 1142784K
  class space    used 20205K, capacity 20471K, committed 20736K, reserved 1048576K
}
Event: 6049.119 GC heap before
{Heap before GC invocations=48 (full 8):
 PSYoungGen      total 73216K, used 72704K [0x00000000f5580000, 0x00000000ffd80000, 0x0000000100000000)
  eden space 72704K, 100% used [0x00000000f5580000,0x00000000f9c80000,0x00000000f9c80000)
  from space 512K, 0% used [0x00000000f9c80000,0x00000000f9c80000,0x00000000f9d00000)
  to   space 49664K, 0% used [0x00000000fcd00000,0x00000000fcd00000,0x00000000ffd80000)
 ParOldGen       total 190976K, used 37204K [0x00000000e0000000, 0x00000000eba80000, 0x00000000f5580000)
  object space 190976K, 19% used [0x00000000e0000000,0x00000000e24552e8,0x00000000eba80000)
 Metaspace       used 112048K, capacity 112902K, committed 113880K, reserved 1142784K
  class space    used 20215K, capacity 20503K, committed 20736K, reserved 1048576K
Event: 6049.215 GC heap after
Heap after GC invocations=48 (full 8):
 PSYoungGen      total 112128K, used 13344K [0x00000000f5580000, 0x00000000ff500000, 0x0000000100000000)
  eden space 71168K, 0% used [0x00000000f5580000,0x00000000f5580000,0x00000000f9b00000)
  from space 40960K, 32% used [0x00000000fcd00000,0x00000000fda08060,0x00000000ff500000)
  to   space 46080K, 0% used [0x00000000f9b00000,0x00000000f9b00000,0x00000000fc800000)
 ParOldGen       total 190976K, used 37212K [0x00000000e0000000, 0x00000000eba80000, 0x00000000f5580000)
  object space 190976K, 19% used [0x00000000e0000000,0x00000000e24572e8,0x00000000eba80000)
 Metaspace       used 112048K, capacity 112902K, committed 113880K, reserved 1142784K
  class space    used 20215K, capacity 20503K, committed 20736K, reserved 1048576K
}

Deoptimization events (10 events):
Event: 6052.107 Thread 0x000000000f4e8000 Uncommon trap: reason=bimorphic action=maybe_recompile pc=0x0000000006afe590 method=scala.reflect.internal.transform.Erasure$ErasureMap.apply(Lscala/reflect/internal/Types$Type;)Lscala/reflect/internal/Types$Type; @ 29
Event: 6052.697 Thread 0x000000000f4e8000 Uncommon trap: reason=unstable_if action=reinterpret pc=0x0000000006a2c874 method=scala.reflect.internal.Scopes$Scope.unlink(Lscala/reflect/internal/Scopes$ScopeEntry;)V @ 77
Event: 6052.800 Thread 0x000000000f4e8000 Uncommon trap: reason=class_check action=maybe_recompile pc=0x00000000066cad40 method=scala.reflect.internal.tpe.TypeComparers$class.sameSingletonType$1(Lscala/reflect/internal/SymbolTable;Lscala/reflect/internal/Types$Type;Lscala/reflect/internal/Types$T
Event: 6052.897 Thread 0x000000000f4e8000 Uncommon trap: reason=bimorphic action=maybe_recompile pc=0x00000000069e9fa8 method=scala.reflect.internal.Symbols$Symbol.scala$reflect$internal$Symbols$Symbol$$qualifies$1(Lscala/reflect/internal/Symbols$Symbol;Lscala/reflect/internal/Types$Type;)Z @ 9
Event: 6052.897 Thread 0x000000000f4e8000 Uncommon trap: reason=bimorphic action=maybe_recompile pc=0x00000000069e9fa8 method=scala.reflect.internal.Symbols$Symbol.scala$reflect$internal$Symbols$Symbol$$qualifies$1(Lscala/reflect/internal/Symbols$Symbol;Lscala/reflect/internal/Types$Type;)Z @ 9
Event: 6052.898 Thread 0x000000000f4e8000 Uncommon trap: reason=bimorphic action=maybe_recompile pc=0x00000000069e9fa8 method=scala.reflect.internal.Symbols$Symbol.scala$reflect$internal$Symbols$Symbol$$qualifies$1(Lscala/reflect/internal/Symbols$Symbol;Lscala/reflect/internal/Types$Type;)Z @ 9
Event: 6052.899 Thread 0x000000000f4e8000 Uncommon trap: reason=bimorphic action=maybe_recompile pc=0x00000000069e9fa8 method=scala.reflect.internal.Symbols$Symbol.scala$reflect$internal$Symbols$Symbol$$qualifies$1(Lscala/reflect/internal/Symbols$Symbol;Lscala/reflect/internal/Types$Type;)Z @ 9
Event: 6053.209 Thread 0x000000000f4e8000 Uncommon trap: reason=bimorphic action=maybe_recompile pc=0x0000000005a021a0 method=scala.collection.mutable.HashTable$class.scala$collection$mutable$HashTable$$addEntry0(Lscala/collection/mutable/HashTable;Lscala/collection/mutable/HashEntry;I)V @ 62
Event: 6053.236 Thread 0x000000000f4e8000 Uncommon trap: reason=speculate_class_check action=maybe_recompile pc=0x00000000063407c8 method=scala.reflect.internal.Symbols$Symbol.suchThat(Lscala/Function1;)Lscala/reflect/internal/Symbols$Symbol; @ 2
Event: 6053.241 Thread 0x000000000f4e8000 Uncommon trap: reason=unstable_if action=reinterpret pc=0x0000000005f317e4 method=scala.reflect.internal.util.BatchSourceFile.calculateLineIndices([C)[I @ 89

Classes redefined (0 events):
No events

Internal exceptions (10 events):
Event: 1310.923 Thread 0x000000000f4e5000 Exception <a 'java/lang/NoSuchMethodError': <clinit>> (0x00000000f961be78) thrown at [C:\re\workspace\8-2-build-windows-amd64-cygwin\jdk8u181\11358\hotspot\src\share\vm\prims\jni.cpp, line 1613]
Event: 1310.937 Thread 0x000000000f4e5000 Exception <a 'java/lang/NoSuchMethodError': <clinit>> (0x00000000f9627ca0) thrown at [C:\re\workspace\8-2-build-windows-amd64-cygwin\jdk8u181\11358\hotspot\src\share\vm\prims\jni.cpp, line 1613]
Event: 1310.937 Thread 0x000000000f4e5000 Exception <a 'java/lang/NoSuchMethodError': <clinit>> (0x00000000f962a7e0) thrown at [C:\re\workspace\8-2-build-windows-amd64-cygwin\jdk8u181\11358\hotspot\src\share\vm\prims\jni.cpp, line 1613]
Event: 1310.941 Thread 0x000000000f4e5000 Exception <a 'java/lang/NoSuchMethodError': <clinit>> (0x00000000f9633cc0) thrown at [C:\re\workspace\8-2-build-windows-amd64-cygwin\jdk8u181\11358\hotspot\src\share\vm\prims\jni.cpp, line 1613]
Event: 1310.941 Thread 0x000000000f4e5000 Exception <a 'java/lang/NoSuchMethodError': <clinit>> (0x00000000f9636c18) thrown at [C:\re\workspace\8-2-build-windows-amd64-cygwin\jdk8u181\11358\hotspot\src\share\vm\prims\jni.cpp, line 1613]
Event: 1310.944 Thread 0x000000000f4e5000 Exception <a 'java/lang/NoSuchMethodError': <clinit>> (0x00000000f963f8b0) thrown at [C:\re\workspace\8-2-build-windows-amd64-cygwin\jdk8u181\11358\hotspot\src\share\vm\prims\jni.cpp, line 1613]
Event: 1310.945 Thread 0x000000000f4e5000 Exception <a 'java/lang/NoSuchMethodError': <clinit>> (0x00000000f9641f88) thrown at [C:\re\workspace\8-2-build-windows-amd64-cygwin\jdk8u181\11358\hotspot\src\share\vm\prims\jni.cpp, line 1613]
Event: 1310.946 Thread 0x000000000f4e5000 Exception <a 'java/lang/NoSuchMethodError': <clinit>> (0x00000000f964c408) thrown at [C:\re\workspace\8-2-build-windows-amd64-cygwin\jdk8u181\11358\hotspot\src\share\vm\prims\jni.cpp, line 1613]
Event: 1310.951 Thread 0x000000000f4e5000 Exception <a 'java/lang/NoSuchMethodError': <clinit>> (0x00000000f965b878) thrown at [C:\re\workspace\8-2-build-windows-amd64-cygwin\jdk8u181\11358\hotspot\src\share\vm\prims\jni.cpp, line 1613]
Event: 1312.592 Thread 0x0000000002993000 Exception <a 'java/io/FileNotFoundException'> (0x00000000f563e968) thrown at [C:\re\workspace\8-2-build-windows-amd64-cygwin\jdk8u181\11358\hotspot\src\share\vm\prims\jni.cpp, line 709]

Events (10 events):
Event: 6053.209 Thread 0x000000000f4e8000 DEOPT PACKING pc=0x0000000005a021a0 sp=0x000000001a0ec280
Event: 6053.209 Thread 0x000000000f4e8000 DEOPT UNPACKING pc=0x0000000002ad583b sp=0x000000001a0ec230 mode 2
Event: 6053.236 Thread 0x000000000f4e8000 Uncommon trap: trap_request=0xffffff76 fr.pc=0x00000000063407c8
Event: 6053.236 Thread 0x000000000f4e8000 DEOPT PACKING pc=0x00000000063407c8 sp=0x000000001a0ec5b0
Event: 6053.236 Thread 0x000000000f4e8000 DEOPT UNPACKING pc=0x0000000002ad583b sp=0x000000001a0ec4d8 mode 2
Event: 6053.240 Thread 0x000000000f4e8000 DEOPT PACKING pc=0x0000000005c35440 sp=0x000000001a0ec1c0
Event: 6053.240 Thread 0x000000000f4e8000 DEOPT UNPACKING pc=0x0000000002ad7490 sp=0x000000001a0ebf50 mode 0
Event: 6053.241 Thread 0x000000000f4e8000 Uncommon trap: trap_request=0xffffff65 fr.pc=0x0000000005f317e4
Event: 6053.241 Thread 0x000000000f4e8000 DEOPT PACKING pc=0x0000000005f317e4 sp=0x000000001a0ec1d0
Event: 6053.241 Thread 0x000000000f4e8000 DEOPT UNPACKING pc=0x0000000002ad583b sp=0x000000001a0ec1d0 mode 2


Dynamic libraries:
0x00007ff7c3ec0000 - 0x00007ff7c3ef7000 	C:\Program Files\Java\jdk1.8.0_181\bin\java.exe
0x00007ff98c9a0000 - 0x00007ff98cb81000 	C:\WINDOWS\SYSTEM32\ntdll.dll
0x00007ff98b7d0000 - 0x00007ff98b882000 	C:\WINDOWS\System32\KERNEL32.DLL
0x00007ff988d70000 - 0x00007ff988fe3000 	C:\WINDOWS\System32\KERNELBASE.dll
0x00007ff98b650000 - 0x00007ff98b6f1000 	C:\WINDOWS\System32\ADVAPI32.dll
0x00007ff98c8d0000 - 0x00007ff98c96e000 	C:\WINDOWS\System32\msvcrt.dll
0x00007ff98b890000 - 0x00007ff98b8eb000 	C:\WINDOWS\System32\sechost.dll
0x00007ff98be70000 - 0x00007ff98bf94000 	C:\WINDOWS\System32\RPCRT4.dll
0x00007ff98c3d0000 - 0x00007ff98c560000 	C:\WINDOWS\System32\USER32.dll
0x00007ff989ce0000 - 0x00007ff989d00000 	C:\WINDOWS\System32\win32u.dll
0x00007ff98c570000 - 0x00007ff98c598000 	C:\WINDOWS\System32\GDI32.dll
0x00007ff989ae0000 - 0x00007ff989c72000 	C:\WINDOWS\System32\gdi32full.dll
0x00007ff989940000 - 0x00007ff9899df000 	C:\WINDOWS\System32\msvcp_win.dll
0x00007ff9899e0000 - 0x00007ff989ada000 	C:\WINDOWS\System32\ucrtbase.dll
0x00007ff9779e0000 - 0x00007ff977c49000 	C:\WINDOWS\WinSxS\amd64_microsoft.windows.common-controls_6595b64144ccf1df_6.0.17134.228_none_fb4599993062b194\COMCTL32.dll
0x00007ff989e30000 - 0x00007ff98a153000 	C:\WINDOWS\System32\combase.dll
0x00007ff989d00000 - 0x00007ff989d7a000 	C:\WINDOWS\System32\bcryptPrimitives.dll
0x00007ff98a1e0000 - 0x00007ff98a20d000 	C:\WINDOWS\System32\IMM32.DLL
0x000000005d170000 - 0x000000005d242000 	C:\Program Files\Java\jdk1.8.0_181\jre\bin\msvcr100.dll
0x000000005c8c0000 - 0x000000005d162000 	C:\Program Files\Java\jdk1.8.0_181\jre\bin\server\jvm.dll
0x00007ff98c5a0000 - 0x00007ff98c5a8000 	C:\WINDOWS\System32\PSAPI.DLL
0x00007ff980a40000 - 0x00007ff980a49000 	C:\WINDOWS\SYSTEM32\WSOCK32.dll
0x00007ff980230000 - 0x00007ff980253000 	C:\WINDOWS\SYSTEM32\WINMM.dll
0x00007ff98b700000 - 0x00007ff98b76c000 	C:\WINDOWS\System32\WS2_32.dll
0x00007ff9810f0000 - 0x00007ff9810fa000 	C:\WINDOWS\SYSTEM32\VERSION.dll
0x00007ff980200000 - 0x00007ff98022a000 	C:\WINDOWS\SYSTEM32\WINMMBASE.dll
0x00007ff9898f0000 - 0x00007ff989939000 	C:\WINDOWS\System32\cfgmgr32.dll
0x000000005e1d0000 - 0x000000005e1df000 	C:\Program Files\Java\jdk1.8.0_181\jre\bin\verify.dll
0x000000005e1a0000 - 0x000000005e1c9000 	C:\Program Files\Java\jdk1.8.0_181\jre\bin\java.dll
0x000000005e180000 - 0x000000005e196000 	C:\Program Files\Java\jdk1.8.0_181\jre\bin\zip.dll
0x00007ff98a210000 - 0x00007ff98b650000 	C:\WINDOWS\System32\SHELL32.dll
0x00007ff98c800000 - 0x00007ff98c8a9000 	C:\WINDOWS\System32\shcore.dll
0x00007ff988ff0000 - 0x00007ff9896fd000 	C:\WINDOWS\System32\windows.storage.dll
0x00007ff98b8f0000 - 0x00007ff98b941000 	C:\WINDOWS\System32\shlwapi.dll
0x00007ff988d00000 - 0x00007ff988d11000 	C:\WINDOWS\System32\kernel.appcore.dll
0x00007ff988ce0000 - 0x00007ff988cff000 	C:\WINDOWS\System32\profapi.dll
0x00007ff988d20000 - 0x00007ff988d6c000 	C:\WINDOWS\System32\powrprof.dll
0x00007ff988cb0000 - 0x00007ff988cba000 	C:\WINDOWS\System32\FLTLIB.DLL
0x000000005e160000 - 0x000000005e17a000 	C:\Program Files\Java\jdk1.8.0_181\jre\bin\net.dll
0x00007ff9884d0000 - 0x00007ff988536000 	C:\WINDOWS\system32\mswsock.dll
0x000000005e0f0000 - 0x000000005e101000 	C:\Program Files\Java\jdk1.8.0_181\jre\bin\nio.dll
0x00007ff988680000 - 0x00007ff988697000 	C:\WINDOWS\SYSTEM32\CRYPTSP.dll
0x00007ff9880b0000 - 0x00007ff9880e3000 	C:\WINDOWS\system32\rsaenh.dll
0x00007ff9887b0000 - 0x00007ff9887d5000 	C:\WINDOWS\SYSTEM32\bcrypt.dll
0x00007ff988bb0000 - 0x00007ff988bd8000 	C:\WINDOWS\SYSTEM32\USERENV.dll
0x00007ff9886a0000 - 0x00007ff9886ab000 	C:\WINDOWS\SYSTEM32\CRYPTBASE.dll
0x00007ff988250000 - 0x00007ff988288000 	C:\WINDOWS\SYSTEM32\IPHLPAPI.DLL
0x00007ff98c040000 - 0x00007ff98c048000 	C:\WINDOWS\System32\NSI.dll
0x00007ff9831b0000 - 0x00007ff9831c6000 	C:\WINDOWS\SYSTEM32\dhcpcsvc6.DLL
0x00007ff983190000 - 0x00007ff9831aa000 	C:\WINDOWS\SYSTEM32\dhcpcsvc.DLL
0x00007ff9817a0000 - 0x00007ff9817aa000 	C:\Users\skin\AppData\Local\Temp\jansi-64-1-5812960812220083169.11
0x00007ff97d980000 - 0x00007ff97d996000 	C:\WINDOWS\system32\napinsp.dll
0x00007ff97d960000 - 0x00007ff97d97a000 	C:\WINDOWS\system32\pnrpnsp.dll
0x00007ff985a00000 - 0x00007ff985a19000 	C:\WINDOWS\system32\NLAapi.dll
0x00007ff988290000 - 0x00007ff98834e000 	C:\WINDOWS\SYSTEM32\DNSAPI.dll
0x00007ff97d950000 - 0x00007ff97d95e000 	C:\WINDOWS\System32\winrnr.dll
0x00007ff981fe0000 - 0x00007ff981fea000 	C:\Windows\System32\rasadhlp.dll
0x00007ff983690000 - 0x00007ff983702000 	C:\WINDOWS\System32\fwpuclnt.dll

VM Arguments:
jvm_args: -Xmx512M -XX:MaxPermSize=256m -XX:ReservedCodeCacheSize=128m -Dsbt.log.format=true 
java_command: xsbt.boot.Boot
java_class_path (initial): C:\Program Files (x86)\sbt\bin\sbt-launch.jar
Launcher Type: SUN_STANDARD

Environment Variables:
JAVA_HOME=C:\Program Files\Java\jdk1.8.0_181
PATH=C:\Program Files\Java\jdk1.8.0_181\bin;C:\Program Files (x86)\Common Files\Oracle\Java\javapath;C:\Program Files (x86)\Intel\TXE Components\TCS\;C:\Program Files\Intel\TXE Components\TCS\;C:\WINDOWS\system32;C:\WINDOWS;C:\WINDOWS\System32\Wbem;C:\WINDOWS\System32\WindowsPowerShell\v1.0\;C:\Program Files\PuTTY\;C:\Program Files (x86)\Skype\Phone\;C:\WINDOWS\System32\OpenSSH\;C:\Program Files (x86)\sbt\bin;C:\Users\skin\Anaconda3;C:\Users\skin\Anaconda3\Scripts;C:\Users\skin\Anaconda3\Library\bin;C:\Users\skin\AppData\Local\Microsoft\WindowsApps;C:\Program Files\Java\jdk1.8.0_181\bin;C:\Program Files\Java\jre1.8.0_181\bin;
USERNAME=muimui
OS=Windows_NT
PROCESSOR_IDENTIFIER=Intel64 Family 6 Model 55 Stepping 8, GenuineIntel



---------------  S Y S T E M  ---------------

OS: Windows 10.0 , 64 bit Build 17134 (10.0.17134.1)

CPU:total 2 (initial active 2) (2 cores per cpu, 1 threads per core) family 6 model 55 stepping 8, cmov, cx8, fxsr, mmx, sse, sse2, sse3, ssse3, sse4.1, sse4.2, popcnt, clmul, erms, 3dnowpref, tsc, tscinvbit

Memory: 4k page, physical 8269012k(4144708k free), swap 9433300k(5480k free)

vm_info: Java HotSpot(TM) 64-Bit Server VM (25.181-b13) for windows-amd64 JRE (1.8.0_181-b13), built on Jul  7 2018 04:01:33 by "java_re" with MS VC++ 10.0 (VS2010)

time: Thu Aug 16 19:02:09 2018
elapsed time: 6053 seconds (0d 1h 40m 53s)

